<?xml version="1.0" encoding="UTF-8"?>
<!-- Generated by org.testng.reporters.JUnitXMLReporter -->
<testsuite hostname="LAPTOP-G3SL86T0" ignored="2" name="Smoke Test" tests="1" failures="0" timestamp="2020-09-08T20:39:53 PDT" time="11.187" errors="0">
  <testcase name="validLogin" time="2.434" classname="com.hrms.testcases.LoginTest"/>
  <testcase name="multipleInvalidLogin" time="0.0" classname="com.hrms.testcases.LoginTest">
    <ignored/>
  </testcase> <!-- multipleInvalidLogin -->
  <testcase name="addEmployee" time="0.0" classname="com.hrms.testcases.AddEmployeeTest">
    <ignored/>
  </testcase> <!-- addEmployee -->
</testsuite> <!-- Smoke Test -->
